# JRE version: OpenJDK Runtime Environment (11.0.11+9) (build 11.0.11+9-b60-7590822)
# Java VM: OpenJDK 64-Bit Server VM (11.0.11+9-b60-7590822, mixed mode, tiered, compressed oops, g1 gc, windows-amd64)
Heap:
 garbage-first heap   total 189440K, used 87997K [0x0000000080000000, 0x0000000100000000)
  region size 1024K, 38 young (38912K), 5 survivors (5120K)
 Metaspace       used 72508K, capacity 74070K, committed 74352K, reserved 1114112K
  class space    used 9364K, capacity 9973K, committed 10060K, reserved 1048576K
GC Heap History (20 events):
Event: 1.667 GC heap before
{Heap before GC invocations=3 (full 0):
 garbage-first heap   total 131072K, used 60309K [0x0000000080000000, 0x0000000100000000)
  region size 1024K, 51 young (52224K), 4 survivors (4096K)
 Metaspace       used 18276K, capacity 18743K, committed 19072K, reserved 1067008K
  class space    used 2183K, capacity 2319K, committed 2432K, reserved 1048576K
}
Event: 1.673 GC heap after
{Heap after GC invocations=4 (full 0):
 garbage-first heap   total 131072K, used 16063K [0x0000000080000000, 0x0000000100000000)
  region size 1024K, 7 young (7168K), 7 survivors (7168K)
 Metaspace       used 18276K, capacity 18743K, committed 19072K, reserved 1067008K
  class space    used 2183K, capacity 2319K, committed 2432K, reserved 1048576K
}
Event: 1.857 GC heap before
{Heap before GC invocations=4 (full 0):
 garbage-first heap   total 131072K, used 34495K [0x0000000080000000, 0x0000000100000000)
  region size 1024K, 27 young (27648K), 7 survivors (7168K)
 Metaspace       used 20641K, capacity 21108K, committed 21296K, reserved 1069056K
  class space    used 2533K, capacity 2660K, committed 2688K, reserved 1048576K
}
Event: 1.865 GC heap after
{Heap after GC invocations=5 (full 0):
 garbage-first heap   total 157696K, used 17092K [0x0000000080000000, 0x0000000100000000)
  region size 1024K, 6 young (6144K), 6 survivors (6144K)
 Metaspace       used 20641K, capacity 21108K, committed 21296K, reserved 1069056K
  class space    used 2533K, capacity 2660K, committed 2688K, reserved 1048576K
}
Event: 2.437 GC heap before
{Heap before GC invocations=6 (full 0):
 garbage-first heap   total 157696K, used 71364K [0x0000000080000000, 0x0000000100000000)
  region size 1024K, 59 young (60416K), 6 survivors (6144K)
 Metaspace       used 26152K, capacity 26771K, committed 26928K, reserved 1073152K
  class space    used 3421K, capacity 3618K, committed 3712K, reserved 1048576K
}
Event: 2.445 GC heap after
{Heap after GC invocations=7 (full 0):
 garbage-first heap   total 157696K, used 19383K [0x0000000080000000, 0x0000000100000000)
  region size 1024K, 3 young (3072K), 3 survivors (3072K)
 Metaspace       used 26152K, capacity 26771K, committed 26928K, reserved 1073152K
  class space    used 3421K, capacity 3618K, committed 3712K, reserved 1048576K
}
Event: 3.149 GC heap before
{Heap before GC invocations=7 (full 0):
 garbage-first heap   total 157696K, used 74679K [0x0000000080000000, 0x0000000100000000)
  region size 1024K, 58 young (59392K), 3 survivors (3072K)
 Metaspace       used 34886K, capacity 35652K, committed 35708K, reserved 1081344K
  class space    used 4536K, capacity 4861K, committed 4864K, reserved 1048576K
}
Event: 3.156 GC heap after
{Heap after GC invocations=8 (full 0):
 garbage-first heap   total 157696K, used 22757K [0x0000000080000000, 0x0000000100000000)
  region size 1024K, 7 young (7168K), 7 survivors (7168K)
 Metaspace       used 34886K, capacity 35652K, committed 35708K, reserved 1081344K
  class space    used 4536K, capacity 4861K, committed 4864K, reserved 1048576K
}
Event: 3.833 GC heap before
{Heap before GC invocations=9 (full 0):
 garbage-first heap   total 157696K, used 90341K [0x0000000080000000, 0x0000000100000000)
  region size 1024K, 72 young (73728K), 7 survivors (7168K)
 Metaspace       used 39928K, capacity 40851K, committed 40956K, reserved 1085440K
  class space    used 5101K, capacity 5437K, committed 5504K, reserved 1048576K
}
Event: 3.841 GC heap after
{Heap after GC invocations=10 (full 0):
 garbage-first heap   total 157696K, used 27732K [0x0000000080000000, 0x0000000100000000)
  region size 1024K, 9 young (9216K), 9 survivors (9216K)
 Metaspace       used 39928K, capacity 40851K, committed 40956K, reserved 1085440K
  class space    used 5101K, capacity 5437K, committed 5504K, reserved 1048576K
}
Event: 4.954 GC heap before
{Heap before GC invocations=10 (full 0):
 garbage-first heap   total 157696K, used 106580K [0x0000000080000000, 0x0000000100000000)
  region size 1024K, 85 young (87040K), 9 survivors (9216K)
 Metaspace       used 46766K, capacity 47929K, committed 48124K, reserved 1091584K
  class space    used 6019K, capacity 6468K, committed 6528K, reserved 1048576K
}
Event: 4.964 GC heap after
{Heap after GC invocations=11 (full 0):
 garbage-first heap   total 189440K, used 30375K [0x0000000080000000, 0x0000000100000000)
  region size 1024K, 8 young (8192K), 8 survivors (8192K)
 Metaspace       used 46766K, capacity 47929K, committed 48124K, reserved 1091584K
  class space    used 6019K, capacity 6468K, committed 6528K, reserved 1048576K
}
Event: 6.999 GC heap before
{Heap before GC invocations=11 (full 0):
 garbage-first heap   total 189440K, used 139943K [0x0000000080000000, 0x0000000100000000)
  region size 1024K, 111 young (113664K), 8 survivors (8192K)
 Metaspace       used 56473K, capacity 57850K, committed 57980K, reserved 1099776K
  class space    used 7130K, capacity 7624K, committed 7680K, reserved 1048576K
}
Event: 7.010 GC heap after
{Heap after GC invocations=12 (full 0):
 garbage-first heap   total 189440K, used 44032K [0x0000000080000000, 0x0000000100000000)
  region size 1024K, 14 young (14336K), 14 survivors (14336K)
 Metaspace       used 56473K, capacity 57850K, committed 57980K, reserved 1099776K
  class space    used 7130K, capacity 7624K, committed 7680K, reserved 1048576K
}
Event: 7.253 GC heap before
{Heap before GC invocations=12 (full 0):
 garbage-first heap   total 189440K, used 60416K [0x0000000080000000, 0x0000000100000000)
  region size 1024K, 31 young (31744K), 14 survivors (14336K)
 Metaspace       used 58552K, capacity 59828K, committed 59940K, reserved 1101824K
  class space    used 7398K, capacity 7916K, committed 7936K, reserved 1048576K
}
Event: 7.270 GC heap after
{Heap after GC invocations=13 (full 0):
 garbage-first heap   total 189440K, used 46413K [0x0000000080000000, 0x0000000100000000)
  region size 1024K, 2 young (2048K), 2 survivors (2048K)
 Metaspace       used 58552K, capacity 59828K, committed 59940K, reserved 1101824K
  class space    used 7398K, capacity 7916K, committed 7936K, reserved 1048576K
}
Event: 8.053 GC heap before
{Heap before GC invocations=14 (full 0):
 garbage-first heap   total 189440K, used 108877K [0x0000000080000000, 0x0000000100000000)
  region size 1024K, 63 young (64512K), 2 survivors (2048K)
 Metaspace       used 65263K, capacity 66755K, committed 67056K, reserved 1107968K
  class space    used 8221K, capacity 8786K, committed 8908K, reserved 1048576K
}
Event: 8.061 GC heap after
{Heap after GC invocations=15 (full 0):
 garbage-first heap   total 189440K, used 51202K [0x0000000080000000, 0x0000000100000000)
  region size 1024K, 7 young (7168K), 7 survivors (7168K)
 Metaspace       used 65263K, capacity 66755K, committed 67056K, reserved 1107968K
  class space    used 8221K, capacity 8786K, committed 8908K, reserved 1048576K
}
Event: 9.046 GC heap before
{Heap before GC invocations=16 (full 0):
 garbage-first heap   total 189440K, used 115714K [0x0000000080000000, 0x0000000100000000)
  region size 1024K, 70 young (71680K), 7 survivors (7168K)
 Metaspace       used 69203K, capacity 70647K, committed 70768K, reserved 1110016K
  class space    used 8852K, capacity 9464K, committed 9548K, reserved 1048576K
}
Event: 9.054 GC heap after
{Heap after GC invocations=17 (full 0):
 garbage-first heap   total 189440K, used 55229K [0x0000000080000000, 0x0000000100000000)
  region size 1024K, 5 young (5120K), 5 survivors (5120K)
 Metaspace       used 69203K, capacity 70647K, committed 70768K, reserved 1110016K
  class space    used 8852K, capacity 9464K, committed 9548K, reserved 1048576K
}

